\BOOKMARK [1][-]{section.1}{Introduction}{}% 1
\BOOKMARK [1][-]{section.2}{Theory}{}% 2
\BOOKMARK [2][-]{subsection.2.1}{Quantum Chemistry}{section.2}% 3
\BOOKMARK [3][-]{subsubsection.2.1.1}{The Schr\366dinger Equation}{subsection.2.1}% 4
\BOOKMARK [3][-]{subsubsection.2.1.2}{Hamiltonian Operator}{subsection.2.1}% 5
\BOOKMARK [3][-]{subsubsection.2.1.3}{Dirac Notation}{subsection.2.1}% 6
\BOOKMARK [3][-]{subsubsection.2.1.4}{Variational Principle}{subsection.2.1}% 7
\BOOKMARK [2][-]{subsection.2.2}{Hartree-Fock Theory}{section.2}% 8
\BOOKMARK [3][-]{subsubsection.2.2.1}{Non-relativistic Stationary Systems}{subsection.2.2}% 9
\BOOKMARK [3][-]{subsubsection.2.2.2}{Born-Oppenheimer Approximation}{subsection.2.2}% 10
\BOOKMARK [3][-]{subsubsection.2.2.3}{Independant Particle approximation}{subsection.2.2}% 11
\BOOKMARK [3][-]{subsubsection.2.2.4}{Slater Determinant}{subsection.2.2}% 12
\BOOKMARK [3][-]{subsubsection.2.2.5}{LCAO-Approach}{subsection.2.2}% 13
\BOOKMARK [3][-]{subsubsection.2.2.6}{Bloch's Theorem}{subsection.2.2}% 14
\BOOKMARK [3][-]{subsubsection.2.2.7}{Self-Consistent Field Method}{subsection.2.2}% 15
\BOOKMARK [3][-]{subsubsection.2.2.8}{Post Hartree-Fock Methods}{subsection.2.2}% 16
\BOOKMARK [2][-]{subsection.2.3}{Density Functional Theory}{section.2}% 17
\BOOKMARK [3][-]{subsubsection.2.3.1}{Hohenberg-Kohn Theorems}{subsection.2.3}% 18
\BOOKMARK [3][-]{subsubsection.2.3.2}{Kohn-Sham Equations}{subsection.2.3}% 19
\BOOKMARK [3][-]{subsubsection.2.3.3}{Local Density Approximation}{subsection.2.3}% 20
\BOOKMARK [3][-]{subsubsection.2.3.4}{Generalized Gradient Approximation}{subsection.2.3}% 21
\BOOKMARK [3][-]{subsubsection.2.3.5}{Hybrid Functionals}{subsection.2.3}% 22
\BOOKMARK [3][-]{subsubsection.2.3.6}{Dispersion Corrections}{subsection.2.3}% 23
\BOOKMARK [3][-]{subsubsection.2.3.7}{Density Functional Tight Binding}{subsection.2.3}% 24
\BOOKMARK [2][-]{subsection.2.4}{Molecular Dynamics Simulations}{section.2}% 25
\BOOKMARK [3][-]{subsubsection.2.4.1}{Statistical Mechanics - Ensembles}{subsection.2.4}% 26
\BOOKMARK [3][-]{subsubsection.2.4.2}{The Canonical Ensemble}{subsection.2.4}% 27
\BOOKMARK [3][-]{subsubsection.2.4.3}{Equations of Motion}{subsection.2.4}% 28
\BOOKMARK [3][-]{subsubsection.2.4.4}{The Louiville Formalism}{subsection.2.4}% 29
\BOOKMARK [3][-]{subsubsection.2.4.5}{The Trotter Theorem}{subsection.2.4}% 30
\BOOKMARK [3][-]{subsubsection.2.4.6}{The Velocity Verlet Algorithm}{subsection.2.4}% 31
\BOOKMARK [3][-]{subsubsection.2.4.7}{Constraint Dynamics}{subsection.2.4}% 32
\BOOKMARK [3][-]{subsubsection.2.4.8}{Periodic Boundary Conditions}{subsection.2.4}% 33
\BOOKMARK [3][-]{subsubsection.2.4.9}{Temperature Control}{subsection.2.4}% 34
